<?xml version="1.0" encoding="UTF-8"?>
<testng-results ignored="0" total="2" passed="2" failed="0" skipped="0">
  <reporter-output>
  </reporter-output>
  <suite started-at="2025-08-06T18:04:46 IST" name="MasterSuite" finished-at="2025-08-06T18:05:14 IST" duration-ms="27843">
    <groups>
      <group name="Master">
        <method signature="TC001_AccountRegistrationTest.testAccountRegister()[pri:0, instance:testCases.TC001_AccountRegistrationTest@3d9c13b5]" name="testAccountRegister" class="testCases.TC001_AccountRegistrationTest"/>
        <method signature="TC002_LoginTest.testLogin()[pri:0, instance:testCases.TC002_LoginTest@67545b57]" name="testLogin" class="testCases.TC002_LoginTest"/>
      </group> <!-- Master -->
      <group name="regression">
        <method signature="TC001_AccountRegistrationTest.testAccountRegister()[pri:0, instance:testCases.TC001_AccountRegistrationTest@3d9c13b5]" name="testAccountRegister" class="testCases.TC001_AccountRegistrationTest"/>
      </group> <!-- regression -->
      <group name="sanity">
        <method signature="TC002_LoginTest.testLogin()[pri:0, instance:testCases.TC002_LoginTest@67545b57]" name="testLogin" class="testCases.TC002_LoginTest"/>
      </group> <!-- sanity -->
    </groups>
    <test started-at="2025-08-06T18:04:46 IST" name="Test" finished-at="2025-08-06T18:05:14 IST" duration-ms="27843">
      <class name="testCases.TC002_LoginTest">
        <test-method is-config="true" signature="setUp(java.lang.String,java.lang.String)[pri:0, instance:testCases.TC002_LoginTest@67545b57]" started-at="2025-08-06T18:05:05 IST" name="setUp" finished-at="2025-08-06T18:05:12 IST" duration-ms="7104" status="PASS">
          <params>
            <param index="0">
              <value>
                <![CDATA[Windows]]>
              </value>
            </param>
            <param index="1">
              <value>
                <![CDATA[chrome]]>
              </value>
            </param>
          </params>
          <reporter-output>
          </reporter-output>
        </test-method> <!-- setUp -->
        <test-method signature="testLogin()[pri:0, instance:testCases.TC002_LoginTest@67545b57]" started-at="2025-08-06T18:05:12 IST" name="testLogin" finished-at="2025-08-06T18:05:14 IST" duration-ms="1536" status="PASS">
          <reporter-output>
          </reporter-output>
        </test-method> <!-- testLogin -->
        <test-method is-config="true" signature="tearDown()[pri:0, instance:testCases.TC002_LoginTest@67545b57]" started-at="2025-08-06T18:05:14 IST" name="tearDown" finished-at="2025-08-06T18:05:14 IST" duration-ms="296" status="PASS">
          <reporter-output>
          </reporter-output>
        </test-method> <!-- tearDown -->
      </class> <!-- testCases.TC002_LoginTest -->
      <class name="testCases.TC001_AccountRegistrationTest">
        <test-method is-config="true" signature="setUp(java.lang.String,java.lang.String)[pri:0, instance:testCases.TC001_AccountRegistrationTest@3d9c13b5]" started-at="2025-08-06T18:04:46 IST" name="setUp" finished-at="2025-08-06T18:05:00 IST" duration-ms="13246" status="PASS">
          <params>
            <param index="0">
              <value>
                <![CDATA[Windows]]>
              </value>
            </param>
            <param index="1">
              <value>
                <![CDATA[chrome]]>
              </value>
            </param>
          </params>
          <reporter-output>
          </reporter-output>
        </test-method> <!-- setUp -->
        <test-method signature="testAccountRegister()[pri:0, instance:testCases.TC001_AccountRegistrationTest@3d9c13b5]" started-at="2025-08-06T18:05:00 IST" name="testAccountRegister" finished-at="2025-08-06T18:05:05 IST" duration-ms="5150" status="PASS">
          <reporter-output>
          </reporter-output>
        </test-method> <!-- testAccountRegister -->
        <test-method is-config="true" signature="tearDown()[pri:0, instance:testCases.TC001_AccountRegistrationTest@3d9c13b5]" started-at="2025-08-06T18:05:05 IST" name="tearDown" finished-at="2025-08-06T18:05:05 IST" duration-ms="280" status="PASS">
          <reporter-output>
          </reporter-output>
        </test-method> <!-- tearDown -->
      </class> <!-- testCases.TC001_AccountRegistrationTest -->
    </test> <!-- Test -->
  </suite> <!-- MasterSuite -->
</testng-results>
