<?xml version="1.0" encoding="UTF-8"?>
<testng-results ignored="0" total="2" passed="2" failed="0" skipped="0">
  <reporter-output>
  </reporter-output>
  <suite started-at="2025-08-06T17:07:30 IST" name="MasterSuite" finished-at="2025-08-06T17:07:52 IST" duration-ms="21147">
    <groups>
      <group name="Master">
        <method signature="TC001_AccountRegistrationTest.testAccountRegister()[pri:0, instance:testCases.TC001_AccountRegistrationTest@53de625d]" name="testAccountRegister" class="testCases.TC001_AccountRegistrationTest"/>
        <method signature="TC002_LoginTest.testLogin()[pri:0, instance:testCases.TC002_LoginTest@1f3f02ee]" name="testLogin" class="testCases.TC002_LoginTest"/>
      </group> <!-- Master -->
      <group name="regression">
        <method signature="TC001_AccountRegistrationTest.testAccountRegister()[pri:0, instance:testCases.TC001_AccountRegistrationTest@53de625d]" name="testAccountRegister" class="testCases.TC001_AccountRegistrationTest"/>
      </group> <!-- regression -->
      <group name="sanity">
        <method signature="TC002_LoginTest.testLogin()[pri:0, instance:testCases.TC002_LoginTest@1f3f02ee]" name="testLogin" class="testCases.TC002_LoginTest"/>
      </group> <!-- sanity -->
    </groups>
    <test started-at="2025-08-06T17:07:30 IST" name="Test" finished-at="2025-08-06T17:07:52 IST" duration-ms="21147">
      <class name="testCases.TC002_LoginTest">
        <test-method is-config="true" signature="setUp(java.lang.String,java.lang.String)[pri:0, instance:testCases.TC002_LoginTest@1f3f02ee]" started-at="2025-08-06T17:07:44 IST" name="setUp" finished-at="2025-08-06T17:07:50 IST" duration-ms="6406" status="PASS">
          <params>
            <param index="0">
              <value>
                <![CDATA[Linux]]>
              </value>
            </param>
            <param index="1">
              <value>
                <![CDATA[chrome]]>
              </value>
            </param>
          </params>
          <reporter-output>
          </reporter-output>
        </test-method> <!-- setUp -->
        <test-method signature="testLogin()[pri:0, instance:testCases.TC002_LoginTest@1f3f02ee]" started-at="2025-08-06T17:07:50 IST" name="testLogin" finished-at="2025-08-06T17:07:52 IST" duration-ms="1519" status="PASS">
          <reporter-output>
          </reporter-output>
        </test-method> <!-- testLogin -->
        <test-method is-config="true" signature="tearDown()[pri:0, instance:testCases.TC002_LoginTest@1f3f02ee]" started-at="2025-08-06T17:07:52 IST" name="tearDown" finished-at="2025-08-06T17:07:52 IST" duration-ms="86" status="PASS">
          <reporter-output>
          </reporter-output>
        </test-method> <!-- tearDown -->
      </class> <!-- testCases.TC002_LoginTest -->
      <class name="testCases.TC001_AccountRegistrationTest">
        <test-method is-config="true" signature="setUp(java.lang.String,java.lang.String)[pri:0, instance:testCases.TC001_AccountRegistrationTest@53de625d]" started-at="2025-08-06T17:07:31 IST" name="setUp" finished-at="2025-08-06T17:07:41 IST" duration-ms="9974" status="PASS">
          <params>
            <param index="0">
              <value>
                <![CDATA[Linux]]>
              </value>
            </param>
            <param index="1">
              <value>
                <![CDATA[chrome]]>
              </value>
            </param>
          </params>
          <reporter-output>
          </reporter-output>
        </test-method> <!-- setUp -->
        <test-method signature="testAccountRegister()[pri:0, instance:testCases.TC001_AccountRegistrationTest@53de625d]" started-at="2025-08-06T17:07:41 IST" name="testAccountRegister" finished-at="2025-08-06T17:07:43 IST" duration-ms="2467" status="PASS">
          <reporter-output>
          </reporter-output>
        </test-method> <!-- testAccountRegister -->
        <test-method is-config="true" signature="tearDown()[pri:0, instance:testCases.TC001_AccountRegistrationTest@53de625d]" started-at="2025-08-06T17:07:43 IST" name="tearDown" finished-at="2025-08-06T17:07:44 IST" duration-ms="174" status="PASS">
          <reporter-output>
          </reporter-output>
        </test-method> <!-- tearDown -->
      </class> <!-- testCases.TC001_AccountRegistrationTest -->
    </test> <!-- Test -->
  </suite> <!-- MasterSuite -->
</testng-results>
